2022-03-06 17:42:32,326 INFO  [org.jboss.modules] (main) JBoss Modules version 2.0.0.Final
2022-03-06 17:42:34,038 INFO  [org.jboss.msc] (main) JBoss MSC version 1.4.13.Final
2022-03-06 17:42:34,048 INFO  [org.jboss.threads] (main) JBoss Threads version 2.4.0.Final
2022-03-06 17:42:34,168 INFO  [org.jboss.as] (MSC service thread 1-2) WFLYSRV0049: Keycloak 17.0.0 (WildFly Core 18.0.4.Final) starting
2022-03-06 17:42:34,169 DEBUG [org.jboss.as.config] (MSC service thread 1-2) Configured system properties:
	file.encoding = Cp1252
	file.separator = \
	java.awt.headless = true
	java.class.path = C:\projects\my-projects\my-auth-server\keycloak-17.0.0\jboss-modules.jar
	java.class.version = 61.0
	java.home = C:\Program Files\Java\jdk-17.0.1
	java.io.tmpdir = C:\Users\Narvane\AppData\Local\Temp\
	java.library.path = C:\Program Files\Java\jdk-17.0.1\bin;C:\WINDOWS\Sun\Java\bin;C:\WINDOWS\system32;C:\WINDOWS;C:\Program Files\Common Files\Oracle\Java\javapath;C:\Program Files (x86)\Common Files\Oracle\Java\javapath;C:\Windows\system32;C:\Windows;C:\Windows\System32\Wbem;C:\Windows\System32\WindowsPowerShell\v1.0\;C:\Program Files (x86)\NVIDIA Corporation\PhysX\Common;C:\Program Files\NVIDIA Corporation\NVIDIA NvDLISR;C:\WINDOWS\system32;C:\WINDOWS;C:\WINDOWS\System32\Wbem;C:\WINDOWS\System32\WindowsPowerShell\v1.0\;C:\WINDOWS\System32\OpenSSH\;C:\Program Files\MongoDB\Server\4.4\bin;C:\Program Files\apache-maven-3.6.3\bin;C:\Gradle\gradle-7.0.2\bin;C:\Program Files\nodejs\;C:\Program Files\Git\cmd;C:\Program Files\Docker\Docker\resources\bin;C:\ProgramData\DockerDesktop\version-bin;C:\Program Files\MySQL\MySQL Shell 8.0\bin\;C:\Users\Narvane\AppData\Local\Microsoft\WindowsApps;C:\Users\Narvane\AppData\Local\Programs\Microsoft VS Code\bin;C:\Program Files\heroku\bin;C:\Users\Narvane\AppData\Roaming\npm;.
	java.net.preferIPv4Stack = true
	java.runtime.name = Java(TM) SE Runtime Environment
	java.runtime.version = 17.0.1+12-LTS-39
	java.specification.name = Java Platform API Specification
	java.specification.vendor = Oracle Corporation
	java.specification.version = 17
	java.util.logging.manager = org.jboss.logmanager.LogManager
	java.vendor = Oracle Corporation
	java.vendor.url = https://java.oracle.com/
	java.vendor.url.bug = https://bugreport.java.com/bugreport/
	java.version = 17.0.1
	java.version.date = 2021-10-19
	java.vm.compressedOopsMode = 32-bit
	java.vm.info = mixed mode, sharing
	java.vm.name = Java HotSpot(TM) 64-Bit Server VM
	java.vm.specification.name = Java Virtual Machine Specification
	java.vm.specification.vendor = Oracle Corporation
	java.vm.specification.version = 17
	java.vm.vendor = Oracle Corporation
	java.vm.version = 17.0.1+12-LTS-39
	javax.management.builder.initial = org.jboss.as.jmx.PluggableMBeanServerBuilder
	jboss.home.dir = C:\projects\my-projects\my-auth-server\keycloak-17.0.0
	jboss.host.name = desktop-6qk0acr
	jboss.modules.dir = C:\projects\my-projects\my-auth-server\keycloak-17.0.0\modules
	jboss.modules.system.pkgs = org.jboss.byteman
	jboss.node.name = desktop-6qk0acr
	jboss.qualified.host.name = desktop-6qk0acr
	jboss.server.base.dir = C:\projects\my-projects\my-auth-server\keycloak-17.0.0\standalone
	jboss.server.config.dir = C:\projects\my-projects\my-auth-server\keycloak-17.0.0\standalone\configuration
	jboss.server.data.dir = C:\projects\my-projects\my-auth-server\keycloak-17.0.0\standalone\data
	jboss.server.deploy.dir = C:\projects\my-projects\my-auth-server\keycloak-17.0.0\standalone\data\content
	jboss.server.log.dir = C:\projects\my-projects\my-auth-server\keycloak-17.0.0\standalone\log
	jboss.server.name = desktop-6qk0acr
	jboss.server.persist.config = true
	jboss.server.temp.dir = C:\projects\my-projects\my-auth-server\keycloak-17.0.0\standalone\tmp
	jdk.debug = release
	line.separator = 

	logging.configuration = file:C:\projects\my-projects\my-auth-server\keycloak-17.0.0\standalone\configuration/logging.properties
	module.path = C:\projects\my-projects\my-auth-server\keycloak-17.0.0\modules
	native.encoding = Cp1252
	org.jboss.boot.log.file = C:\projects\my-projects\my-auth-server\keycloak-17.0.0\standalone\log\server.log
	org.jboss.resolver.warning = true
	os.arch = amd64
	os.name = Windows 10
	os.version = 10.0
	path.separator = ;
	program.name = standalone.bat
	sun.arch.data.model = 64
	sun.boot.library.path = C:\Program Files\Java\jdk-17.0.1\bin
	sun.cpu.endian = little
	sun.cpu.isalist = amd64
	sun.io.unicode.encoding = UnicodeLittle
	sun.java.command = C:\projects\my-projects\my-auth-server\keycloak-17.0.0\jboss-modules.jar -mp C:\projects\my-projects\my-auth-server\keycloak-17.0.0\modules org.jboss.as.standalone -Djboss.home.dir=C:\projects\my-projects\my-auth-server\keycloak-17.0.0
	sun.java.launcher = SUN_STANDARD
	sun.jnu.encoding = Cp1252
	sun.management.compiler = HotSpot 64-Bit Tiered Compilers
	sun.os.patch.level = 
	sun.stderr.encoding = cp437
	sun.stdout.encoding = cp437
	user.country = US
	user.dir = C:\projects\my-projects\my-auth-server\keycloak-17.0.0\bin
	user.home = C:\Users\Narvane
	user.language = en
	user.name = Narvane
	user.script = 
	user.timezone = America/Sao_Paulo
	user.variant = 
2022-03-06 17:42:34,173 DEBUG [org.jboss.as.config] (MSC service thread 1-2) VM Arguments: -Dprogram.name=standalone.bat -Xms64M -Xmx512M -XX:MetaspaceSize=96M -XX:MaxMetaspaceSize=256m -Djava.net.preferIPv4Stack=true -Djboss.modules.system.pkgs=org.jboss.byteman -Djava.awt.headless=true --add-exports=java.desktop/sun.awt=ALL-UNNAMED --add-exports=java.naming/com.sun.jndi.ldap=ALL-UNNAMED --add-opens=java.base/java.lang=ALL-UNNAMED --add-opens=java.base/java.lang.invoke=ALL-UNNAMED --add-opens=java.base/java.io=ALL-UNNAMED --add-opens=java.base/java.lang.reflect=ALL-UNNAMED --add-opens=java.base/java.security=ALL-UNNAMED --add-opens=java.base/java.util=ALL-UNNAMED --add-opens=java.base/java.util.concurrent=ALL-UNNAMED --add-opens=java.management/javax.management=ALL-UNNAMED --add-opens=java.naming/javax.naming=ALL-UNNAMED -Dorg.jboss.boot.log.file=C:\projects\my-projects\my-auth-server\keycloak-17.0.0\standalone\log\server.log -Dlogging.configuration=file:C:\projects\my-projects\my-auth-server\keycloak-17.0.0\standalone\configuration/logging.properties 
2022-03-06 17:42:35,771 INFO  [org.wildfly.security] (ServerService Thread Pool -- 19) ELY00001: WildFly Elytron version 1.18.3.Final
2022-03-06 17:42:37,850 INFO  [org.jboss.as.server] (Controller Boot Thread) WFLYSRV0039: Creating http management service using socket-binding (management-http)
2022-03-06 17:42:37,876 INFO  [org.xnio] (MSC service thread 1-5) XNIO version 3.8.5.Final
2022-03-06 17:42:37,889 INFO  [org.xnio.nio] (MSC service thread 1-5) XNIO NIO Implementation Version 3.8.5.Final
2022-03-06 17:42:37,953 INFO  [org.jboss.as.jaxrs] (ServerService Thread Pool -- 38) WFLYRS0016: RESTEasy version 4.7.4.Final
2022-03-06 17:42:37,964 WARN  [org.jboss.as.txn] (ServerService Thread Pool -- 49) WFLYTX0013: The node-identifier attribute on the /subsystem=transactions is set to the default value. This is a danger for environments running multiple servers. Please make sure the attribute value is unique.
2022-03-06 17:42:37,990 INFO  [org.wildfly.extension.health] (ServerService Thread Pool -- 35) WFLYHEALTH0001: Activating Base Health Subsystem
2022-03-06 17:42:37,994 INFO  [org.wildfly.extension.io] (ServerService Thread Pool -- 37) WFLYIO001: Worker 'default' has auto-configured to 16 IO threads with 128 max task threads based on your 8 available processors
2022-03-06 17:42:37,996 INFO  [org.jboss.as.clustering.infinispan] (ServerService Thread Pool -- 36) WFLYCLINF0001: Activating Infinispan subsystem.
2022-03-06 17:42:37,996 INFO  [org.jboss.as.naming] (ServerService Thread Pool -- 45) WFLYNAM0001: Activating Naming Subsystem
2022-03-06 17:42:38,022 INFO  [org.wildfly.extension.metrics] (ServerService Thread Pool -- 44) WFLYMETRICS0001: Activating Base Metrics Subsystem
2022-03-06 17:42:38,122 INFO  [org.jboss.remoting] (MSC service thread 1-6) JBoss Remoting version 5.0.23.Final
2022-03-06 17:42:38,151 INFO  [org.wildfly.extension.undertow] (MSC service thread 1-3) WFLYUT0003: Undertow 2.2.14.Final starting
2022-03-06 17:42:38,186 INFO  [org.jboss.as.connector] (MSC service thread 1-8) WFLYJCA0009: Starting Jakarta Connectors Subsystem (WildFly/IronJacamar 1.5.3.Final)
2022-03-06 17:42:38,217 INFO  [org.jboss.as.connector.subsystems.datasources] (ServerService Thread Pool -- 30) WFLYJCA0004: Deploying JDBC-compliant driver class org.h2.Driver (version 1.4)
2022-03-06 17:42:38,218 WARN  [org.wildfly.clustering.web.undertow] (ServerService Thread Pool -- 50) WFLYCLWEBUT0007: No routing provider found for default-server; using legacy provider based on static configuration
2022-03-06 17:42:38,223 INFO  [org.jboss.as.naming] (MSC service thread 1-2) WFLYNAM0003: Starting Naming Service
2022-03-06 17:42:38,230 INFO  [org.jboss.as.mail.extension] (MSC service thread 1-2) WFLYMAIL0001: Bound mail session [java:jboss/mail/Default]
2022-03-06 17:42:38,232 INFO  [org.jboss.as.connector.deployers.jdbc] (MSC service thread 1-2) WFLYJCA0018: Started Driver service with driver-name = h2
2022-03-06 17:42:38,280 WARN  [org.wildfly.extension.elytron] (MSC service thread 1-5) WFLYELY00023: KeyStore file 'C:\projects\my-projects\my-auth-server\keycloak-17.0.0\standalone\configuration\application.keystore' does not exist. Used blank.
2022-03-06 17:42:38,326 WARN  [org.wildfly.extension.elytron] (MSC service thread 1-8) WFLYELY01084: KeyStore C:\projects\my-projects\my-auth-server\keycloak-17.0.0\standalone\configuration\application.keystore not found, it will be auto generated on first use with a self-signed certificate for host localhost
2022-03-06 17:42:38,352 INFO  [org.wildfly.extension.undertow] (ServerService Thread Pool -- 50) WFLYUT0014: Creating file handler for path 'C:\projects\my-projects\my-auth-server\keycloak-17.0.0/welcome-content' with options [directory-listing: 'false', follow-symlink: 'false', case-sensitive: 'true', safe-symlink-paths: '[]']
2022-03-06 17:42:38,442 INFO  [org.jboss.as.ejb3] (MSC service thread 1-2) WFLYEJB0482: Strict pool mdb-strict-max-pool is using a max instance size of 32 (per class), which is derived from the number of CPUs on this host.
2022-03-06 17:42:38,442 INFO  [org.jboss.as.ejb3] (MSC service thread 1-1) WFLYEJB0481: Strict pool slsb-strict-max-pool is using a max instance size of 128 (per class), which is derived from thread worker pool sizing.
2022-03-06 17:42:38,449 INFO  [org.wildfly.extension.undertow] (MSC service thread 1-4) WFLYUT0012: Started server default-server.
2022-03-06 17:42:38,456 INFO  [org.wildfly.extension.undertow] (MSC service thread 1-1) Queuing requests.
2022-03-06 17:42:38,471 INFO  [org.wildfly.extension.undertow] (MSC service thread 1-1) WFLYUT0018: Host default-host starting
2022-03-06 17:42:38,657 INFO  [org.wildfly.extension.undertow] (MSC service thread 1-2) WFLYUT0006: Undertow HTTP listener default listening on 127.0.0.1:8080
2022-03-06 17:42:38,782 INFO  [org.wildfly.extension.undertow] (MSC service thread 1-3) WFLYUT0006: Undertow HTTPS listener https listening on 127.0.0.1:8443
2022-03-06 17:42:38,870 INFO  [org.jboss.as.ejb3] (MSC service thread 1-1) WFLYEJB0493: Jakarta Enterprise Beans subsystem suspension complete
2022-03-06 17:42:38,982 INFO  [org.jboss.as.connector.subsystems.datasources] (MSC service thread 1-6) WFLYJCA0001: Bound data source [java:jboss/datasources/KeycloakDS]
2022-03-06 17:42:38,982 INFO  [org.jboss.as.connector.subsystems.datasources] (MSC service thread 1-3) WFLYJCA0001: Bound data source [java:jboss/datasources/ExampleDS]
2022-03-06 17:42:39,320 INFO  [org.jboss.as.patching] (MSC service thread 1-1) WFLYPAT0050: Keycloak cumulative patch ID is: base, one-off patches include: none
2022-03-06 17:42:39,323 INFO  [org.jboss.as.server.deployment.scanner] (MSC service thread 1-3) WFLYDS0013: Started FileSystemDeploymentService for directory C:\projects\my-projects\my-auth-server\keycloak-17.0.0\standalone\deployments
2022-03-06 17:42:39,331 INFO  [org.jboss.as.server.deployment] (MSC service thread 1-6) WFLYSRV0027: Starting deployment of "keycloak-server.war" (runtime-name: "keycloak-server.war")
2022-03-06 17:42:41,079 INFO  [org.infinispan.CONTAINER] (ServerService Thread Pool -- 53) ISPN000128: Infinispan version: Infinispan 'Taedonggang' 12.1.7.Final
2022-03-06 17:42:41,137 INFO  [org.infinispan.CONFIG] (MSC service thread 1-3) ISPN000152: Passivation configured without an eviction policy being selected. Only manually evicted entities will be passivated.
2022-03-06 17:42:41,139 INFO  [org.infinispan.CONFIG] (MSC service thread 1-3) ISPN000152: Passivation configured without an eviction policy being selected. Only manually evicted entities will be passivated.
2022-03-06 17:42:41,198 INFO  [org.infinispan.CONTAINER] (ServerService Thread Pool -- 53) ISPN000556: Starting user marshaller 'org.wildfly.clustering.infinispan.spi.marshalling.InfinispanProtoStreamMarshaller'
2022-03-06 17:42:41,198 INFO  [org.infinispan.CONTAINER] (ServerService Thread Pool -- 52) ISPN000556: Starting user marshaller 'org.wildfly.clustering.infinispan.marshalling.jboss.JBossMarshaller'
2022-03-06 17:42:41,556 INFO  [org.jboss.as.clustering.infinispan] (ServerService Thread Pool -- 53) WFLYCLINF0002: Started http-remoting-connector cache from ejb container
2022-03-06 17:42:41,647 INFO  [org.jboss.as.clustering.infinispan] (ServerService Thread Pool -- 57) WFLYCLINF0002: Started work cache from keycloak container
2022-03-06 17:42:41,647 INFO  [org.jboss.as.clustering.infinispan] (ServerService Thread Pool -- 61) WFLYCLINF0002: Started loginFailures cache from keycloak container
2022-03-06 17:42:41,647 INFO  [org.jboss.as.clustering.infinispan] (ServerService Thread Pool -- 60) WFLYCLINF0002: Started sessions cache from keycloak container
2022-03-06 17:42:41,647 INFO  [org.jboss.as.clustering.infinispan] (ServerService Thread Pool -- 59) WFLYCLINF0002: Started offlineSessions cache from keycloak container
2022-03-06 17:42:41,647 INFO  [org.jboss.as.clustering.infinispan] (ServerService Thread Pool -- 54) WFLYCLINF0002: Started actionTokens cache from keycloak container
2022-03-06 17:42:41,647 INFO  [org.jboss.as.clustering.infinispan] (ServerService Thread Pool -- 64) WFLYCLINF0002: Started clientSessions cache from keycloak container
2022-03-06 17:42:41,647 INFO  [org.jboss.as.clustering.infinispan] (ServerService Thread Pool -- 63) WFLYCLINF0002: Started offlineClientSessions cache from keycloak container
2022-03-06 17:42:41,647 INFO  [org.jboss.as.clustering.infinispan] (ServerService Thread Pool -- 58) WFLYCLINF0002: Started authenticationSessions cache from keycloak container
2022-03-06 17:42:41,741 INFO  [org.jboss.as.clustering.infinispan] (ServerService Thread Pool -- 52) WFLYCLINF0002: Started users cache from keycloak container
2022-03-06 17:42:41,741 INFO  [org.jboss.as.clustering.infinispan] (ServerService Thread Pool -- 55) WFLYCLINF0002: Started authorization cache from keycloak container
2022-03-06 17:42:41,741 INFO  [org.jboss.as.clustering.infinispan] (ServerService Thread Pool -- 56) WFLYCLINF0002: Started keys cache from keycloak container
2022-03-06 17:42:41,741 INFO  [org.jboss.as.clustering.infinispan] (ServerService Thread Pool -- 62) WFLYCLINF0002: Started realms cache from keycloak container
2022-03-06 17:42:42,375 WARN  [org.jboss.as.server.deployment] (MSC service thread 1-7) WFLYSRV0273: Excluded subsystem webservices via jboss-deployment-structure.xml does not exist.
2022-03-06 17:42:42,730 INFO  [org.keycloak.services] (ServerService Thread Pool -- 55) KC-SERVICES0001: Loading config from standalone.xml or domain.xml
2022-03-06 17:42:43,005 INFO  [org.keycloak.url.DefaultHostnameProviderFactory] (ServerService Thread Pool -- 55) Frontend: <request>, Admin: <frontend>, Backend: <request>
2022-03-06 17:42:43,466 INFO  [org.jboss.as.clustering.infinispan] (ServerService Thread Pool -- 55) WFLYCLINF0002: Started realmRevisions cache from keycloak container
2022-03-06 17:42:43,473 INFO  [org.jboss.as.clustering.infinispan] (ServerService Thread Pool -- 55) WFLYCLINF0002: Started userRevisions cache from keycloak container
2022-03-06 17:42:43,480 INFO  [org.jboss.as.clustering.infinispan] (ServerService Thread Pool -- 55) WFLYCLINF0002: Started authorizationRevisions cache from keycloak container
2022-03-06 17:42:43,482 INFO  [org.keycloak.connections.infinispan.DefaultInfinispanConnectionProviderFactory] (ServerService Thread Pool -- 55) Node name: desktop-6qk0acr, Site name: null
2022-03-06 17:42:44,304 INFO  [org.keycloak.connections.jpa.DefaultJpaConnectionProviderFactory] (ServerService Thread Pool -- 55) Database info: {databaseUrl=jdbc:h2:C:\projects\my-projects\my-auth-server\keycloak-17.0.0\standalone\data/keycloak, databaseUser=SA, databaseProduct=H2 1.4.197 (2018-03-18), databaseDriver=H2 JDBC Driver 1.4.197 (2018-03-18)}
2022-03-06 17:42:47,024 INFO  [org.keycloak.connections.jpa.updater.liquibase.LiquibaseJpaUpdaterProvider] (ServerService Thread Pool -- 55) Initializing database schema. Using changelog META-INF/jpa-changelog-master.xml
2022-03-06 17:42:49,626 INFO  [org.hibernate.jpa.internal.util.LogHelper] (ServerService Thread Pool -- 55) HHH000204: Processing PersistenceUnitInfo [
	name: keycloak-default
	...]
2022-03-06 17:42:49,693 INFO  [org.hibernate.Version] (ServerService Thread Pool -- 55) HHH000412: Hibernate Core {5.3.24.Final}
2022-03-06 17:42:49,695 INFO  [org.hibernate.cfg.Environment] (ServerService Thread Pool -- 55) HHH000206: hibernate.properties not found
2022-03-06 17:42:49,875 INFO  [org.hibernate.annotations.common.Version] (ServerService Thread Pool -- 55) HCANN000001: Hibernate Commons Annotations {5.0.5.Final}
2022-03-06 17:42:50,038 INFO  [org.hibernate.dialect.Dialect] (ServerService Thread Pool -- 55) HHH000400: Using dialect: org.hibernate.dialect.H2Dialect
2022-03-06 17:42:50,086 INFO  [org.hibernate.envers.boot.internal.EnversServiceImpl] (ServerService Thread Pool -- 55) Envers integration enabled? : true
2022-03-06 17:42:50,431 INFO  [org.hibernate.orm.beans] (ServerService Thread Pool -- 55) HHH10005002: No explicit CDI BeanManager reference was passed to Hibernate, but CDI is available on the Hibernate ClassLoader.
2022-03-06 17:42:50,692 INFO  [org.hibernate.validator.internal.util.Version] (ServerService Thread Pool -- 55) HV000001: Hibernate Validator 6.0.22.Final
2022-03-06 17:42:52,035 INFO  [org.hibernate.hql.internal.QueryTranslatorFactoryInitiator] (ServerService Thread Pool -- 55) HHH000397: Using ASTQueryTranslatorFactory
2022-03-06 17:42:52,652 INFO  [org.keycloak.services] (ServerService Thread Pool -- 55) KC-SERVICES0050: Initializing master realm
2022-03-06 17:42:54,614 INFO  [org.jboss.resteasy.resteasy_jaxrs.i18n] (ServerService Thread Pool -- 55) RESTEASY002225: Deploying javax.ws.rs.core.Application: class org.keycloak.services.resources.KeycloakApplication
2022-03-06 17:42:54,617 INFO  [org.jboss.resteasy.resteasy_jaxrs.i18n] (ServerService Thread Pool -- 55) RESTEASY002200: Adding class resource org.keycloak.services.resources.JsResource from Application class org.keycloak.services.resources.KeycloakApplication
2022-03-06 17:42:54,618 INFO  [org.jboss.resteasy.resteasy_jaxrs.i18n] (ServerService Thread Pool -- 55) RESTEASY002205: Adding provider class org.keycloak.services.filters.KeycloakSecurityHeadersFilter from Application class org.keycloak.services.resources.KeycloakApplication
2022-03-06 17:42:54,619 INFO  [org.jboss.resteasy.resteasy_jaxrs.i18n] (ServerService Thread Pool -- 55) RESTEASY002205: Adding provider class org.keycloak.services.error.KeycloakErrorHandler from Application class org.keycloak.services.resources.KeycloakApplication
2022-03-06 17:42:54,620 INFO  [org.jboss.resteasy.resteasy_jaxrs.i18n] (ServerService Thread Pool -- 55) RESTEASY002200: Adding class resource org.keycloak.services.resources.ThemeResource from Application class org.keycloak.services.resources.KeycloakApplication
2022-03-06 17:42:54,620 INFO  [org.jboss.resteasy.resteasy_jaxrs.i18n] (ServerService Thread Pool -- 55) RESTEASY002220: Adding singleton resource org.keycloak.services.resources.admin.AdminRoot from Application class org.keycloak.services.resources.KeycloakApplication
2022-03-06 17:42:54,621 INFO  [org.jboss.resteasy.resteasy_jaxrs.i18n] (ServerService Thread Pool -- 55) RESTEASY002210: Adding provider singleton org.keycloak.services.util.ObjectMapperResolver from Application class org.keycloak.services.resources.KeycloakApplication
2022-03-06 17:42:54,622 INFO  [org.jboss.resteasy.resteasy_jaxrs.i18n] (ServerService Thread Pool -- 55) RESTEASY002220: Adding singleton resource org.keycloak.services.resources.WelcomeResource from Application class org.keycloak.services.resources.KeycloakApplication
2022-03-06 17:42:54,622 INFO  [org.jboss.resteasy.resteasy_jaxrs.i18n] (ServerService Thread Pool -- 55) RESTEASY002220: Adding singleton resource org.keycloak.services.resources.RobotsResource from Application class org.keycloak.services.resources.KeycloakApplication
2022-03-06 17:42:54,623 INFO  [org.jboss.resteasy.resteasy_jaxrs.i18n] (ServerService Thread Pool -- 55) RESTEASY002220: Adding singleton resource org.keycloak.services.resources.RealmsResource from Application class org.keycloak.services.resources.KeycloakApplication
2022-03-06 17:42:54,971 INFO  [org.wildfly.extension.undertow] (ServerService Thread Pool -- 55) WFLYUT0021: Registered web context: '/auth' for server 'default-server'
2022-03-06 17:42:55,073 INFO  [org.jboss.as.server] (ServerService Thread Pool -- 42) WFLYSRV0010: Deployed "keycloak-server.war" (runtime-name : "keycloak-server.war")
2022-03-06 17:42:55,132 INFO  [org.jboss.as.server] (Controller Boot Thread) WFLYSRV0212: Resuming server
2022-03-06 17:42:55,135 INFO  [org.jboss.as] (Controller Boot Thread) WFLYSRV0025: Keycloak 17.0.0 (WildFly Core 18.0.4.Final) started in 26638ms - Started 573 of 851 services (576 services are lazy, passive or on-demand)
2022-03-06 17:42:55,138 INFO  [org.jboss.as] (Controller Boot Thread) WFLYSRV0060: Http management interface listening on http://127.0.0.1:9990/management
2022-03-06 17:42:55,138 INFO  [org.jboss.as] (Controller Boot Thread) WFLYSRV0051: Admin console listening on http://127.0.0.1:9990
